New Exec:
debug -> Provided token: OTIzODQwODUyNTA4NDQyNjQ1.YcV31w.***************************
debug -> Preparing to connect to the gateway...
debug -> [WS => Manager] Fetched Gateway Information
    URL: wss://gateway.discord.gg
    Recommended Shards: 1
debug -> [WS => Manager] Session Limit Information
    Total: 1000
    Remaining: 870
debug -> [WS => Manager] Spawning shards: 0
debug -> [WS => Shard 0] [CONNECT]
    Gateway    : wss://gateway.discord.gg/
    Version    : 9
    Encoding   : json
    Compression: none
debug -> [WS => Shard 0] Setting a HELLO timeout for 20s.
debug -> [WS => Shard 0] [CONNECTED] Took 113ms
debug -> [WS => Shard 0] Clearing the HELLO timeout.
debug -> [WS => Shard 0] Setting a heartbeat interval for 41250ms.
debug -> [WS => Shard 0] [IDENTIFY] Shard 0/1 with intents: 32767
debug -> [WS => Shard 0] [READY] Session 1568d03d429e62b1fa9e62566aea8e21.
debug -> [WS => Shard 0] [ReadyHeartbeat] Sending a heartbeat.
debug -> [WS => Shard 0] Shard received all its guilds. Marking as fully ready.
debug -> [WS => Shard 0] Heartbeat acknowledged, latency of 42ms.
debug -> [WS => Shard 0] [HeartbeatTimer] Sending a heartbeat.
debug -> [WS => Shard 0] Heartbeat acknowledged, latency of 43ms.

New Exec:
debug -> Provided token: OTIzODQwODUyNTA4NDQyNjQ1.YcV31w.***************************
debug -> Preparing to connect to the gateway...
debug -> [WS => Manager] Fetched Gateway Information
    URL: wss://gateway.discord.gg
    Recommended Shards: 1
debug -> [WS => Manager] Session Limit Information
    Total: 1000
    Remaining: 869
debug -> [WS => Manager] Spawning shards: 0
debug -> [WS => Shard 0] [CONNECT]
    Gateway    : wss://gateway.discord.gg/
    Version    : 9
    Encoding   : json
    Compression: none
debug -> [WS => Shard 0] Setting a HELLO timeout for 20s.
debug -> [WS => Shard 0] [CONNECTED] Took 114ms
debug -> [WS => Shard 0] Clearing the HELLO timeout.
debug -> [WS => Shard 0] Setting a heartbeat interval for 41250ms.
debug -> [WS => Shard 0] [IDENTIFY] Shard 0/1 with intents: 32767
debug -> [WS => Shard 0] [READY] Session 690538084dfc0eb9ff6919fe0654c5b3.
debug -> [WS => Shard 0] [ReadyHeartbeat] Sending a heartbeat.
debug -> [WS => Shard 0] Shard received all its guilds. Marking as fully ready.
debug -> [WS => Shard 0] Heartbeat acknowledged, latency of 37ms.
debug -> Garbage collection completed on ThreadManager, which had a LimitedCollection of ThreadChannel.

New Exec:
debug -> Provided token: OTIzODQwODUyNTA4NDQyNjQ1.YcV31w.***************************
debug -> Preparing to connect to the gateway...
debug -> [WS => Manager] Fetched Gateway Information
    URL: wss://gateway.discord.gg
    Recommended Shards: 1
debug -> [WS => Manager] Session Limit Information
    Total: 1000
    Remaining: 868
debug -> [WS => Manager] Spawning shards: 0
debug -> [WS => Shard 0] [CONNECT]
    Gateway    : wss://gateway.discord.gg/
    Version    : 9
    Encoding   : json
    Compression: none
debug -> [WS => Shard 0] Setting a HELLO timeout for 20s.
debug -> [WS => Shard 0] [CONNECTED] Took 103ms
debug -> [WS => Shard 0] Clearing the HELLO timeout.
debug -> [WS => Shard 0] Setting a heartbeat interval for 41250ms.
debug -> [WS => Shard 0] [IDENTIFY] Shard 0/1 with intents: 32767
debug -> [WS => Shard 0] [READY] Session f86677f09278b432c6cac75bc9c5d949.
debug -> [WS => Shard 0] [ReadyHeartbeat] Sending a heartbeat.
debug -> [WS => Shard 0] Shard received all its guilds. Marking as fully ready.
debug -> [WS => Shard 0] Heartbeat acknowledged, latency of 44ms.
debug -> [WS => Shard 0] [HeartbeatTimer] Sending a heartbeat.
debug -> [WS => Shard 0] Heartbeat acknowledged, latency of 39ms.